<?xml version="1.0" encoding="UTF-8"?>
<!-- Generated by org.testng.reporters.JUnitReportReporter -->
<testsuite hostname="DESKTOP-K1NV54M" failures="0" tests="2" name="testrestassured.AC1" time="3.064" errors="0" timestamp="2021-09-23T08:15:21 SGT" skipped="0">
  <testcase classname="testrestassured.AC1" name="WeatherByCoordinates" time="1.249"/>
  <system-out/>
  <testcase classname="testrestassured.AC1" name="WeatherByCoordinates" time="1.815"/>
  <system-out/>
</testsuite> <!-- testrestassured.AC1 -->
