<?xml version="1.0" encoding="UTF-8"?>
<!-- Generated by org.testng.reporters.JUnitReportReporter -->
<testsuite hostname="DESKTOP-K1NV54M" failures="0" tests="3" name="testrestassured.AC3" time="4.969" errors="0" timestamp="2021-09-23T08:15:21 SGT" skipped="0">
  <testcase classname="testrestassured.AC3" name="AirQualityByPostalCode" time="1.281"/>
  <system-out/>
  <testcase classname="testrestassured.AC3" name="AirQualityByPostalCode" time="1.273"/>
  <system-out/>
  <testcase classname="testrestassured.AC3" name="AirQualityByPostalCode" time="2.415"/>
  <system-out/>
</testsuite> <!-- testrestassured.AC3 -->
